<?xml version="1.0" encoding="UTF-8"?>
<testng-results ignored="0" total="1" passed="1" failed="0" skipped="0">
  <reporter-output>
  </reporter-output>
  <suite started-at="2024-02-22T21:09:59 CST" name="Default suite" finished-at="2024-02-22T21:10:10 CST" duration-ms="11819">
    <groups>
    </groups>
    <test started-at="2024-02-22T21:09:59 CST" name="Default test" finished-at="2024-02-22T21:10:10 CST" duration-ms="11819">
      <class name="test.LoginTest">
        <test-method signature="validusershouldbeabletologin()[pri:1, instance:test.LoginTest@5a45133e]" started-at="2024-02-22T21:09:59 CST" name="validusershouldbeabletologin" finished-at="2024-02-22T21:10:10 CST" duration-ms="11788" status="PASS">
          <reporter-output>
          </reporter-output>
        </test-method> <!-- validusershouldbeabletologin -->
      </class> <!-- test.LoginTest -->
    </test> <!-- Default test -->
  </suite> <!-- Default suite -->
</testng-results>
